# JRE version: Java(TM) SE Runtime Environment (8.0_191-b12) (build 1.8.0_191-b12)
# Java VM: Java HotSpot(TM) 64-Bit Server VM (25.191-b12 mixed mode bsd-amd64 compressed oops)
Heap:
 PSYoungGen      total 18944K, used 17059K [0x00000007beb00000, 0x00000007c0000000, 0x00000007c0000000)
  eden space 16384K, 88% used [0x00000007beb00000,0x00000007bf92fa58,0x00000007bfb00000)
  from space 2560K, 98% used [0x00000007bfd80000,0x00000007bfff9480,0x00000007c0000000)
  to   space 2560K, 0% used [0x00000007bfb00000,0x00000007bfb00000,0x00000007bfd80000)
 ParOldGen       total 44032K, used 1331K [0x00000007bc000000, 0x00000007beb00000, 0x00000007beb00000)
  object space 44032K, 3% used [0x00000007bc000000,0x00000007bc14ceb0,0x00000007beb00000)
 Metaspace       used 10973K, capacity 11214K, committed 11392K, reserved 1058816K
  class space    used 1474K, capacity 1569K, committed 1664K, reserved 1048576K
GC Heap History (4 events):
Event: 0.451 GC heap before
{Heap before GC invocations=1 (full 0):
 PSYoungGen      total 18944K, used 16384K [0x00000007beb00000, 0x00000007c0000000, 0x00000007c0000000)
  eden space 16384K, 100% used [0x00000007beb00000,0x00000007bfb00000,0x00000007bfb00000)
  from space 2560K, 0% used [0x00000007bfd80000,0x00000007bfd80000,0x00000007c0000000)
  to   space 2560K, 0% used [0x00000007bfb00000,0x00000007bfb00000,0x00000007bfd80000)
 ParOldGen       total 44032K, used 0K [0x00000007bc000000, 0x00000007beb00000, 0x00000007beb00000)
  object space 44032K, 0% used [0x00000007bc000000,0x00000007bc000000,0x00000007beb00000)
 Metaspace       used 6295K, capacity 6590K, committed 6784K, reserved 1056768K
  class space    used 768K, capacity 877K, committed 896K, reserved 1048576K
Event: 0.456 GC heap after
Heap after GC invocations=1 (full 0):
 PSYoungGen      total 18944K, used 2391K [0x00000007beb00000, 0x00000007c0000000, 0x00000007c0000000)
  eden space 16384K, 0% used [0x00000007beb00000,0x00000007beb00000,0x00000007bfb00000)
  from space 2560K, 93% used [0x00000007bfb00000,0x00000007bfd55e60,0x00000007bfd80000)
  to   space 2560K, 0% used [0x00000007bfd80000,0x00000007bfd80000,0x00000007c0000000)
 ParOldGen       total 44032K, used 8K [0x00000007bc000000, 0x00000007beb00000, 0x00000007beb00000)
  object space 44032K, 0% used [0x00000007bc000000,0x00000007bc002000,0x00000007beb00000)
 Metaspace       used 6295K, capacity 6590K, committed 6784K, reserved 1056768K
  class space    used 768K, capacity 877K, committed 896K, reserved 1048576K
}
Event: 0.722 GC heap before
{Heap before GC invocations=2 (full 0):
 PSYoungGen      total 18944K, used 18775K [0x00000007beb00000, 0x00000007c0000000, 0x00000007c0000000)
  eden space 16384K, 100% used [0x00000007beb00000,0x00000007bfb00000,0x00000007bfb00000)
  from space 2560K, 93% used [0x00000007bfb00000,0x00000007bfd55e60,0x00000007bfd80000)
  to   space 2560K, 0% used [0x00000007bfd80000,0x00000007bfd80000,0x00000007c0000000)
 ParOldGen       total 44032K, used 8K [0x00000007bc000000, 0x00000007beb00000, 0x00000007beb00000)
  object space 44032K, 0% used [0x00000007bc000000,0x00000007bc002000,0x00000007beb00000)
 Metaspace       used 8940K, capacity 9280K, committed 9600K, reserved 1056768K
  class space    used 1193K, capacity 1308K, committed 1408K, reserved 1048576K
Event: 0.728 GC heap after
Heap after GC invocations=2 (full 0):
 PSYoungGen      total 18944K, used 2533K [0x00000007beb00000, 0x00000007c0000000, 0x00000007c0000000)
  eden space 16384K, 0% used [0x00000007beb00000,0x00000007beb00000,0x00000007bfb00000)
  from space 2560K, 98% used [0x00000007bfd80000,0x00000007bfff9480,0x00000007c0000000)
  to   space 2560K, 0% used [0x00000007bfb00000,0x00000007bfb00000,0x00000007bfd80000)
 ParOldGen       total 44032K, used 1331K [0x00000007bc000000, 0x00000007beb00000, 0x00000007beb00000)
  object space 44032K, 3% used [0x00000007bc000000,0x00000007bc14ceb0,0x00000007beb00000)
 Metaspace       used 8940K, capacity 9280K, committed 9600K, reserved 1056768K
  class space    used 1193K, capacity 1308K, committed 1408K, reserved 1048576K
}

